<?xml version="1.0" encoding="UTF-8"?>
<testng-results ignored="0" total="1" passed="1" failed="0" skipped="0">
  <reporter-output>
    <line>
      <![CDATA[Browser opened]]>
    </line>
    <line>
      <![CDATA[Login successfully]]>
    </line>
  </reporter-output>
  <suite started-at="2024-03-02T15:13:22 IST" name="Default suite" finished-at="2024-03-02T15:13:50 IST" duration-ms="27901">
    <groups>
    </groups>
    <test started-at="2024-03-02T15:13:22 IST" name="Default test" finished-at="2024-03-02T15:13:50 IST" duration-ms="27901">
      <class name="Demo.Extentreport">
        <test-method is-config="true" signature="openBrowser()[pri:0, instance:Demo.Extentreport@75d3a5e0]" started-at="2024-03-02T15:13:22 IST" name="openBrowser" finished-at="2024-03-02T15:13:31 IST" duration-ms="9596" status="PASS">
          <reporter-output>
            <line>
              <![CDATA[Browser opened]]>
            </line>
          </reporter-output>
        </test-method> <!-- openBrowser -->
        <test-method is-config="true" signature="Login()[pri:0, instance:Demo.Extentreport@75d3a5e0]" started-at="2024-03-02T15:13:31 IST" name="Login" finished-at="2024-03-02T15:13:49 IST" duration-ms="17226" status="PASS">
          <reporter-output>
            <line>
              <![CDATA[Login successfully]]>
            </line>
          </reporter-output>
        </test-method> <!-- Login -->
        <test-method signature="logintest()[pri:0, instance:Demo.Extentreport@75d3a5e0]" started-at="2024-03-02T15:13:49 IST" name="logintest" finished-at="2024-03-02T15:13:49 IST" duration-ms="978" status="PASS">
          <reporter-output>
          </reporter-output>
        </test-method> <!-- logintest -->
        <test-method is-config="true" signature="logout()[pri:0, instance:Demo.Extentreport@75d3a5e0]" started-at="2024-03-02T15:13:49 IST" name="logout" finished-at="2024-03-02T15:13:49 IST" duration-ms="2" status="PASS">
          <reporter-output>
          </reporter-output>
        </test-method> <!-- logout -->
        <test-method is-config="true" signature="closeBrowser()[pri:0, instance:Demo.Extentreport@75d3a5e0]" started-at="2024-03-02T15:13:49 IST" name="closeBrowser" finished-at="2024-03-02T15:13:49 IST" duration-ms="0" status="PASS">
          <reporter-output>
          </reporter-output>
        </test-method> <!-- closeBrowser -->
      </class> <!-- Demo.Extentreport -->
    </test> <!-- Default test -->
  </suite> <!-- Default suite -->
</testng-results>
